<?xml version="1.0" encoding="UTF-8"?>
<!-- Generated by org.testng.reporters.JUnitReportReporter -->
<testsuite hostname="LAPTOP-QAEBA5FP" failures="0" tests="8" name="FirstSeleniumCourse.FirstSeleniumCourse.CapabilitiesConcept" time="4.376" errors="1" timestamp="2023-06-30T17:12:03 IST" skipped="6">
  <testcase classname="FirstSeleniumCourse.FirstSeleniumCourse.CapabilitiesConcept" name="tearDown" time="0.022">
    <error message="unexpected alert open: {Alert text : I am an alert box!}
  (Session info: chrome=114.0.5735.199): I am an alert box!
Build info: version: &#039;3.141.59&#039;, revision: &#039;e82be7d358&#039;, time: &#039;2018-11-14T08:17:03&#039;
System info: host: &#039;LAPTOP-QAEBA5FP&#039;, ip: &#039;192.168.0.104&#039;, os.name: &#039;Windows 11&#039;, os.arch: &#039;amd64&#039;, os.version: &#039;10.0&#039;, java.version: &#039;18.0.1.1&#039;
Driver info: org.openqa.selenium.chrome.ChromeDriver
Capabilities {acceptInsecureCerts: false, browserName: chrome, browserVersion: 114.0.5735.199, chrome: {chromedriverVersion: 113.0.5672.63 (0e1a4471d5ae..., userDataDir: C:\Users\PKIRAN~1\AppData\L...}, goog:chromeOptions: {debuggerAddress: localhost:64314}, javascriptEnabled: true, networkConnectionEnabled: false, pageLoadStrategy: normal, platform: WINDOWS, platformName: WINDOWS, proxy: Proxy(), setWindowRect: true, strictFileInteractability: false, timeouts: {implicit: 0, pageLoad: 300000, script: 30000}, unhandledPromptBehavior: dismiss and notify, webauthn:extension:credBlob: true, webauthn:extension:largeBlob: true, webauthn:extension:minPinLength: true, webauthn:extension:prf: true, webauthn:virtualAuthenticators: true}
Session ID: 16754c6438d3626b5045c2038d75f6bb" type="org.openqa.selenium.UnhandledAlertException">
      <![CDATA[org.openqa.selenium.UnhandledAlertException: unexpected alert open: {Alert text : I am an alert box!}
  (Session info: chrome=114.0.5735.199): I am an alert box!
Build info: version: '3.141.59', revision: 'e82be7d358', time: '2018-11-14T08:17:03'
System info: host: 'LAPTOP-QAEBA5FP', ip: '192.168.0.104', os.name: 'Windows 11', os.arch: 'amd64', os.version: '10.0', java.version: '18.0.1.1'
Driver info: org.openqa.selenium.chrome.ChromeDriver
Capabilities {acceptInsecureCerts: false, browserName: chrome, browserVersion: 114.0.5735.199, chrome: {chromedriverVersion: 113.0.5672.63 (0e1a4471d5ae..., userDataDir: C:\Users\PKIRAN~1\AppData\L...}, goog:chromeOptions: {debuggerAddress: localhost:64314}, javascriptEnabled: true, networkConnectionEnabled: false, pageLoadStrategy: normal, platform: WINDOWS, platformName: WINDOWS, proxy: Proxy(), setWindowRect: true, strictFileInteractability: false, timeouts: {implicit: 0, pageLoad: 300000, script: 30000}, unhandledPromptBehavior: dismiss and notify, webauthn:extension:credBlob: true, webauthn:extension:largeBlob: true, webauthn:extension:minPinLength: true, webauthn:extension:prf: true, webauthn:virtualAuthenticators: true}
Session ID: 16754c6438d3626b5045c2038d75f6bb
at org.openqa.selenium.remote.http.W3CHttpResponseCodec.decode(W3CHttpResponseCodec.java:120)
at org.openqa.selenium.remote.http.W3CHttpResponseCodec.decode(W3CHttpResponseCodec.java:49)
at org.openqa.selenium.remote.HttpCommandExecutor.execute(HttpCommandExecutor.java:158)
at org.openqa.selenium.remote.service.DriverCommandExecutor.execute(DriverCommandExecutor.java:83)
at org.openqa.selenium.remote.RemoteWebDriver.execute(RemoteWebDriver.java:552)
at org.openqa.selenium.remote.RemoteWebDriver.execute(RemoteWebDriver.java:609)
at org.openqa.selenium.remote.RemoteWebDriver.close(RemoteWebDriver.java:442)
at FirstSeleniumCourse.FirstSeleniumCourse.CapabilitiesConcept.tearDown(CapabilitiesConcept.java:172)
at java.base/jdk.internal.reflect.DirectMethodHandleAccessor.invoke(DirectMethodHandleAccessor.java:104)
at java.base/java.lang.reflect.Method.invoke(Method.java:577)
at org.testng.internal.MethodInvocationHelper.invokeMethod(MethodInvocationHelper.java:133)
at org.testng.internal.MethodInvocationHelper.invokeMethodConsideringTimeout(MethodInvocationHelper.java:62)
at org.testng.internal.ConfigInvoker.invokeConfigurationMethod(ConfigInvoker.java:385)
at org.testng.internal.ConfigInvoker.invokeConfigurations(ConfigInvoker.java:321)
at org.testng.TestRunner.invokeTestConfigurations(TestRunner.java:637)
at org.testng.TestRunner.afterRun(TestRunner.java:877)
at org.testng.TestRunner.run(TestRunner.java:599)
at org.testng.SuiteRunner.runTest(SuiteRunner.java:377)
at org.testng.SuiteRunner.runSequentially(SuiteRunner.java:371)
at org.testng.SuiteRunner.privateRun(SuiteRunner.java:332)
at org.testng.SuiteRunner.run(SuiteRunner.java:276)
at org.testng.SuiteRunnerWorker.runSuite(SuiteRunnerWorker.java:53)
at org.testng.SuiteRunnerWorker.run(SuiteRunnerWorker.java:96)
at org.testng.TestNG.runSuitesSequentially(TestNG.java:1212)
at org.testng.TestNG.runSuitesLocally(TestNG.java:1134)
at org.testng.TestNG.runSuites(TestNG.java:1063)
at org.testng.TestNG.run(TestNG.java:1031)
at org.testng.remote.AbstractRemoteTestNG.run(AbstractRemoteTestNG.java:115)
at org.testng.remote.RemoteTestNG.initAndRun(RemoteTestNG.java:251)
at org.testng.remote.RemoteTestNG.main(RemoteTestNG.java:77)
]]>
    </error>
  </testcase> <!-- tearDown -->
  <system-out/>
  <testcase classname="FirstSeleniumCourse.FirstSeleniumCourse.CapabilitiesConcept" name="ExplicitWait" time="4.354"/>
  <system-out/>
  <testcase classname="FirstSeleniumCourse.FirstSeleniumCourse.CapabilitiesConcept" name="takeScreenshot">
    <skipped/>
  </testcase> <!-- takeScreenshot -->
  <system-out/>
  <testcase classname="FirstSeleniumCourse.FirstSeleniumCourse.CapabilitiesConcept" name="handlingConfirmAlert">
    <skipped/>
  </testcase> <!-- handlingConfirmAlert -->
  <system-out/>
  <testcase classname="FirstSeleniumCourse.FirstSeleniumCourse.CapabilitiesConcept" name="HandlingWindows">
    <skipped/>
  </testcase> <!-- HandlingWindows -->
  <system-out/>
  <testcase classname="FirstSeleniumCourse.FirstSeleniumCourse.CapabilitiesConcept" name="handlingFrames">
    <skipped/>
  </testcase> <!-- handlingFrames -->
  <system-out/>
  <testcase classname="FirstSeleniumCourse.FirstSeleniumCourse.CapabilitiesConcept" name="handlingAlerts">
    <skipped/>
  </testcase> <!-- handlingAlerts -->
  <system-out/>
  <testcase classname="FirstSeleniumCourse.FirstSeleniumCourse.CapabilitiesConcept" name="handlingAlerts_SendKeys">
    <skipped/>
  </testcase> <!-- handlingAlerts_SendKeys -->
  <system-out/>
</testsuite> <!-- FirstSeleniumCourse.FirstSeleniumCourse.CapabilitiesConcept -->
